{"ts": "2025-10-24T02:27:25.952758+00:00", "event": "otp_sent", "session_id": "H9KJYDND5MT4SEV1KJT3C17Q38", "addr": "u1demoaliceaddress...", "txid": "stub-txid-C3CDGERANWDF2"}
{"ts": "2025-10-24T02:27:25.952882+00:00", "event": "otp_code_dev", "session_id": "H9KJYDND5MT4SEV1KJT3C17Q38", "addr": "u1demoaliceaddress...", "code": "HVNW6A1F1MM9ABTP1VS0J5HD5W"}
{"ts": "2025-10-24T02:27:40.344251+00:00", "event": "verified", "session_id": "H9KJYDND5MT4SEV1KJT3C17Q38", "addr": "u1demoaliceaddress..."}
{"ts": "2025-10-26T13:43:17.880190+00:00", "event": "otp_sent", "session_id": "M4C9528Q0E6V58MAEZ4H8GCBXC", "addr": "u1gz4lfz3ecx4l56yj77q65v9t3tdtmfz0xuutmza8uq0l43l6f5xd347dfthag7ngcp0usekxx2fltpdhvceagr8ap03dqzyhy0yqm9pwdwypq5fzrzetvsdmn7wgkpukh0h3cw4xhdr87t8v59xe4jp7n6q9948pszmj5fq0dhtlx92kt8cvpvpwuhvyayeage7w5gpp7lezj6g6dmx", "txid": "stub-txid-XFKTFHRY1ANSY"}
{"ts": "2025-10-26T13:43:31.628965+00:00", "event": "otp_sent", "session_id": "3HX2KC45F8VGJY0ANYYQ1JPJ8W", "addr": "u1gz4lfz3ecx4l56yj77q65v9t3tdtmfz0xuutmza8uq0l43l6f5xd347dfthag7ngcp0usekxx2fltpdhvceagr8ap03dqzyhy0yqm9pwdwypq5fzrzetvsdmn7wgkpukh0h3cw4xhdr87t8v59xe4jp7n6q9948pszmj5fq0dhtlx92kt8cvpvpwuhvyayeage7w5gpp7lezj6g6dmx", "txid": "stub-txid-TRD47MHHEPA6M"}
{"ts": "2025-10-26T14:49:16.634154+00:00", "event": "otp_sent", "session_id": "0XM17ESXPX2PTYPZKXKSA9TE8C", "addr": "u1gz4lfz3ecx4l56yj77q65v9t3tdtmfz0xuutmza8uq0l43l6f5xd347dfthag7ngcp0usekxx2fltpdhvceagr8ap03dqzyhy0yqm9pwdwypq5fzrzetvsdmn7wgkpukh0h3cw4xhdr87t8v59xe4jp7n6q9948pszmj5fq0dhtlx92kt8cvpvpwuhvyayeage7w5gpp7lezj6g6dmx", "txid": "stub-txid-4AJ8WQQ3TCCQ2"}
{"ts": "2025-10-26T14:51:43.332109+00:00", "event": "otp_sent", "session_id": "FWHBDA2NZ35RSQ4VZ5KD3SCZC8", "addr": "u1demoaliceaddress...", "txid": "stub-txid-EEN2XK5288WWA"}
{"ts": "2025-10-26T15:35:00.003433+00:00", "event": "otp_sent", "session_id": "PAJP2528HG53VYYBYCV6Z1EV3C", "addr": "u1gz4lfz3ecx4l56yj77q65v9t3tdtmfz0xuutmza8uq0l43l6f5xd347dfthag7ngcp0usekxx2fltpdhvceagr8ap03dqzyhy0yqm9pwdwypq5fzrzetvsdmn7wgkpukh0h3cw4xhdr87t8v59xe4jp7n6q9948pszmj5fq0dhtlx92kt8cvpvpwuhvyayeage7w5gpp7lezj6g6dmx", "txid": "error-txid"}
{"ts": "2025-10-26T15:37:50.738727+00:00", "event": "otp_sent", "session_id": "1BDWM43TVYK7N9KJ8DNPPWMMFR", "addr": "utest1y8hp33w6culrfmsznja7a0z35kavym5qe88gsf87s7u3n9ufqqxk4kagv8rar0zjgx5kfsnuqqd0nals4qlflq7mz0ujnk6yse0fe85yw4qa7naz7n7u5hz0uls9xam0rc5u8wszdel3763e0yh3pghajr35lnew4v3tdp7j26y3jxvz7h2jaagqemlartj7rncvlu0g47r6z27jnx3", "txid": "error-txid"}
{"ts": "2025-10-26T15:37:50.738915+00:00", "event": "otp_code_dev", "session_id": "1BDWM43TVYK7N9KJ8DNPPWMMFR", "addr": "utest1y8hp33w6culrfmsznja7a0z35kavym5qe88gsf87s7u3n9ufqqxk4kagv8rar0zjgx5kfsnuqqd0nals4qlflq7mz0ujnk6yse0fe85yw4qa7naz7n7u5hz0uls9xam0rc5u8wszdel3763e0yh3pghajr35lnew4v3tdp7j26y3jxvz7h2jaagqemlartj7rncvlu0g47r6z27jnx3", "code": "2XXQXJGV46CJ8J79FKDWX7KC08"}
{"ts": "2025-10-26T15:39:35.217663+00:00", "event": "verified", "session_id": "1BDWM43TVYK7N9KJ8DNPPWMMFR", "addr": "utest1y8hp33w6culrfmsznja7a0z35kavym5qe88gsf87s7u3n9ufqqxk4kagv8rar0zjgx5kfsnuqqd0nals4qlflq7mz0ujnk6yse0fe85yw4qa7naz7n7u5hz0uls9xam0rc5u8wszdel3763e0yh3pghajr35lnew4v3tdp7j26y3jxvz7h2jaagqemlartj7rncvlu0g47r6z27jnx3"}
{"ts": "2025-10-26T15:45:52.784788+00:00", "event": "otp_sent", "session_id": "Z7S9GZ3W2ES9AQ8E3E79D6V6YC", "addr": "u1gz4lfz3ecx4l56yj77q65v9t3tdtmfz0xuutmza8uq0l43l6f5xd347dfthag7ngcp0usekxx2fltpdhvceagr8ap03dqzyhy0yqm9pwdwypq5fzrzetvsdmn7wgkpukh0h3cw4xhdr87t8v59xe4jp7n6q9948pszmj5fq0dhtlx92kt8cvpvpwuhvyayeage7w5gpp7lezj6g6dmx", "txid": "stub-txid-69Z1FGSPMNK5W"}
{"ts": "2025-10-26T15:46:37.321587+00:00", "event": "otp_sent", "session_id": "1PWAV7BK9RVEEK87AYCPQB0KAR", "addr": "u1kcnr4zsrvzrvaaqsyvtn6n8w8vh5ac5j60ak0986d3e8wk6cgmjmn6a5fjx0ydc9xkc0py8ym3wc7l7ukq6dzxcu5nmakynzaeumd47dmrukf0s9pf8vg8hcpapgeaa46x5lmsk4yfnxygrwlhqzn7zduwtyrdn75qdz2kjqyt45774yshpewemrkz73j8nqp3u2urrmx38tg3a3hdn", "txid": "stub-txid-MXM1EQ9FMV32E"}
{"ts": "2025-10-26T15:47:13.618213+00:00", "event": "otp_sent", "session_id": "ZKGYAWRE5B54FHEG4TR9BFF934", "addr": "u1kcnr4zsrvzrvaaqsyvtn6n8w8vh5ac5j60ak0986d3e8wk6cgmjmn6a5fjx0ydc9xkc0py8ym3wc7l7ukq6dzxcu5nmakynzaeumd47dmrukf0s9pf8vg8hcpapgeaa46x5lmsk4yfnxygrwlhqzn7zduwtyrdn75qdz2kjqyt45774yshpewemrkz73j8nqp3u2urrmx38tg3a3hdn", "txid": "stub-txid-CT942DQAN3WQG"}
{"ts": "2025-10-26T16:15:15.389155+00:00", "event": "otp_sent", "session_id": "TVBQDQZQX4J8NH1ADPZTE7ANMR", "addr": "u1gz4lfz3ecx4l56yj77q65v9t3tdtmfz0xuutmza8uq0l43l6f5xd347dfthag7ngcp0usekxx2fltpdhvceagr8ap03dqzyhy0yqm9pwdwypq5fzrzetvsdmn7wgkpukh0h3cw4xhdr87t8v59xe4jp7n6q9948pszmj5fq0dhtlx92kt8cvpvpwuhvyayeage7w5gpp7lezj6g6dmx", "txid": "error-txid"}
{"ts": "2025-10-26T16:15:15.389276+00:00", "event": "otp_code_dev", "session_id": "TVBQDQZQX4J8NH1ADPZTE7ANMR", "addr": "u1gz4lfz3ecx4l56yj77q65v9t3tdtmfz0xuutmza8uq0l43l6f5xd347dfthag7ngcp0usekxx2fltpdhvceagr8ap03dqzyhy0yqm9pwdwypq5fzrzetvsdmn7wgkpukh0h3cw4xhdr87t8v59xe4jp7n6q9948pszmj5fq0dhtlx92kt8cvpvpwuhvyayeage7w5gpp7lezj6g6dmx", "code": "DS8R6536DP5MA23HW28BY83VWW"}
{"ts": "2025-10-27T08:57:40.903087+00:00", "event": "otp_sent", "session_id": "9PECM0C925F8A7316JMRQE264G", "addr": "(unknown)", "txid": "stub-txid-TV5QNBBNBZ3YR"}
{"ts": "2025-10-27T08:57:44.298419+00:00", "event": "otp_sent", "session_id": "DDBQE49Z6NSZ6QKGBMJ4HCG6EM", "addr": "(unknown)", "txid": "stub-txid-0TVK1G0DCH430"}
{"ts": "2025-10-27T08:57:45.058233+00:00", "event": "otp_sent", "session_id": "B1P76X834Y929PB7BS45QYABR0", "addr": "(unknown)", "txid": "stub-txid-V6HZ1BGKFAV46"}
{"ts": "2025-10-27T08:57:45.839124+00:00", "event": "otp_sent", "session_id": "X43ESM0YYM8J6D1FG5T8SXDGWM", "addr": "(unknown)", "txid": "stub-txid-FPW0FZ3W44Q5J"}
{"ts": "2025-10-27T08:57:55.411257+00:00", "event": "otp_sent", "session_id": "20S4NNZ12ZN4F7GBYG0QCH5VWR", "addr": "(unknown)", "txid": "stub-txid-T86NTMVP6GNE6"}
{"ts": "2025-10-27T08:57:56.130512+00:00", "event": "otp_sent", "session_id": "GBXJAAK395RFRWFZYVQTYDYJP4", "addr": "(unknown)", "txid": "stub-txid-CM774RPARD0RE"}
{"ts": "2025-10-27T08:57:56.693271+00:00", "event": "otp_sent", "session_id": "S4W2HVF9TD5FST20EF764V3E7M", "addr": "(unknown)", "txid": "stub-txid-41J20MW9GXM1Y"}
{"ts": "2025-10-27T08:57:57.544206+00:00", "event": "otp_sent", "session_id": "WJP89X4D68Q3014BQXVNM0YNCG", "addr": "(unknown)", "txid": "stub-txid-ZK4W5YXRJXE0R"}
{"ts": "2025-10-27T08:57:58.281960+00:00", "event": "otp_sent", "session_id": "R8K5XMEYEKYTM7RNHRAVB7FQ5M", "addr": "(unknown)", "txid": "stub-txid-35CZMQR5VZW0R"}
{"ts": "2025-10-27T08:57:58.896081+00:00", "event": "otp_sent", "session_id": "V73PJCHAE35N64643WTZ7656A8", "addr": "(unknown)", "txid": "stub-txid-AJNESRYEC31MG"}
{"ts": "2025-10-27T08:57:59.399761+00:00", "event": "otp_sent", "session_id": "9MTEPNXY6H9MRVC1Y2R9DC7T9C", "addr": "(unknown)", "txid": "stub-txid-41H6G127GF9XA"}
{"ts": "2025-10-27T08:57:59.919391+00:00", "event": "otp_sent", "session_id": "TJPSJ5A4331D628V57EV1H2C60", "addr": "(unknown)", "txid": "stub-txid-QBP2VW7Y8S5N2"}
{"ts": "2025-10-27T08:58:01.499719+00:00", "event": "otp_sent", "session_id": "HMN8ZHK5ED29HSV4X7F15E76YM", "addr": "(unknown)", "txid": "stub-txid-34T7BF40RNRAY"}
{"ts": "2025-10-27T08:58:02.162061+00:00", "event": "otp_sent", "session_id": "NE8JHHBN41YWB2P3CF0BA6Y10R", "addr": "(unknown)", "txid": "stub-txid-Z6RGYAKFRHW3Y"}
{"ts": "2025-10-27T08:58:02.594214+00:00", "event": "otp_sent", "session_id": "6NTBVGTSDYW8WPR4728FA4XC78", "addr": "(unknown)", "txid": "stub-txid-RHGJ0SP140B0Y"}
{"ts": "2025-10-27T08:58:03.029451+00:00", "event": "otp_sent", "session_id": "ENXWWGTH9EZW2ZQY5FK5RQ7BEM", "addr": "(unknown)", "txid": "stub-txid-SWKHMMAD11PRJ"}
{"ts": "2025-10-27T09:24:08.637084+00:00", "event": "otp_sent", "session_id": "8PBYFSREG76RNC9DWCHY47EN0M", "addr": "(unknown)", "txid": "stub-txid-XWFF34BJ7M082"}
{"ts": "2025-10-27T09:24:55.121605+00:00", "event": "otp_sent", "session_id": "T2MM3SYZ71HSKV8YEMADY0BGB4", "addr": "(unknown)", "txid": "stub-txid-GG0ENTMZDK0CT"}
{"ts": "2025-10-27T09:24:56.773435+00:00", "event": "otp_sent", "session_id": "PK4H4CHRNDCTS7WFHTH4S734ER", "addr": "(unknown)", "txid": "stub-txid-EFV3C8PNJ7SRA"}
{"ts": "2025-10-27T09:24:57.659940+00:00", "event": "otp_sent", "session_id": "KM70HFG6TRYG1NDP5116ATTWCW", "addr": "(unknown)", "txid": "stub-txid-834HQ63WWKC6G"}
{"ts": "2025-10-27T09:24:58.837730+00:00", "event": "otp_sent", "session_id": "BHDX3R1MYERT4WWYJXN1FN5APW", "addr": "(unknown)", "txid": "stub-txid-1VG7ZWFQ9E6DP"}
{"ts": "2025-10-27T09:25:10.216921+00:00", "event": "otp_sent", "session_id": "M8GJ9R6H9SNNNS9A26NT2XT600", "addr": "(unknown)", "txid": "stub-txid-QAP8PP5AKP1C2"}
{"ts": "2025-10-27T09:25:10.678860+00:00", "event": "otp_sent", "session_id": "V72H9C34DNBX2NT23QGCVG4N18", "addr": "(unknown)", "txid": "stub-txid-VTRM1PB5VAZQ0"}
{"ts": "2025-10-27T09:25:11.098752+00:00", "event": "otp_sent", "session_id": "XQQEJ1VMZWXB9MRVACRJGM9EXG", "addr": "(unknown)", "txid": "stub-txid-88GR6TW6H6YGE"}
{"ts": "2025-10-27T09:25:11.598856+00:00", "event": "otp_sent", "session_id": "GPENWAZA002A5EZ11H8ESQFRR8", "addr": "(unknown)", "txid": "stub-txid-HCQ2S332P95HG"}
{"ts": "2025-10-27T09:43:04.591209+00:00", "event": "otp_sent", "session_id": "AHB0MDD1AADXA4Q18QPAH27DWC", "addr": "(unknown)", "txid": "stub-txid-529PZMJH2S5BM"}
{"ts": "2025-10-27T09:44:29.313105+00:00", "event": "otp_sent", "session_id": "WCK2G7T6CWK8SEBGCQ6YDAETF4", "addr": "(unknown)", "txid": "stub-txid-7MD9MJ22F5PH4"}
